Using pre-set license
Built from '2022.3/staging' branch; Version is '2022.3.17f1 (4fc78088f837) revision 5228416'; Using compiler version '192829333'; Build Type 'Release'
OS: 'Windows 11  (10.0.26100) 64bit Core' Language: 'es' Physical Memory: 15753 MB
BatchMode: 1, IsHumanControllingUs: 0, StartBugReporterOnCrash: 0, Is64bit: 1, IsPro: 1

COMMAND LINE ARGUMENTS:
C:\Program Files\Unity\Hub\Editor\2022.3.17f1\Editor\Unity.exe
-adb2
-batchMode
-noUpm
-name
AssetImportWorker5
-projectPath
C:/Users/Usuario/Documents/GitHub/PROYECTO1/Proyecto 1
-logFile
Logs/AssetImportWorker5.log
-srvPort
59892
Successfully changed project path to: C:/Users/Usuario/Documents/GitHub/PROYECTO1/Proyecto 1
C:/Users/Usuario/Documents/GitHub/PROYECTO1/Proyecto 1
[UnityMemory] Configuration Parameters - Can be set up in boot.config
    "memorysetup-bucket-allocator-granularity=16"
    "memorysetup-bucket-allocator-bucket-count=8"
    "memorysetup-bucket-allocator-block-size=33554432"
    "memorysetup-bucket-allocator-block-count=8"
    "memorysetup-main-allocator-block-size=16777216"
    "memorysetup-thread-allocator-block-size=16777216"
    "memorysetup-gfx-main-allocator-block-size=16777216"
    "memorysetup-gfx-thread-allocator-block-size=16777216"
    "memorysetup-cache-allocator-block-size=4194304"
    "memorysetup-typetree-allocator-block-size=2097152"
    "memorysetup-profiler-bucket-allocator-granularity=16"
    "memorysetup-profiler-bucket-allocator-bucket-count=8"
    "memorysetup-profiler-bucket-allocator-block-size=33554432"
    "memorysetup-profiler-bucket-allocator-block-count=8"
    "memorysetup-profiler-allocator-block-size=16777216"
    "memorysetup-profiler-editor-allocator-block-size=1048576"
    "memorysetup-temp-allocator-size-main=16777216"
    "memorysetup-job-temp-allocator-block-size=2097152"
    "memorysetup-job-temp-allocator-block-size-background=1048576"
    "memorysetup-job-temp-allocator-reduction-small-platforms=262144"
    "memorysetup-allocator-temp-initial-block-size-main=262144"
    "memorysetup-allocator-temp-initial-block-size-worker=262144"
    "memorysetup-temp-allocator-size-background-worker=32768"
    "memorysetup-temp-allocator-size-job-worker=262144"
    "memorysetup-temp-allocator-size-preload-manager=33554432"
    "memorysetup-temp-allocator-size-nav-mesh-worker=65536"
    "memorysetup-temp-allocator-size-audio-worker=65536"
    "memorysetup-temp-allocator-size-cloud-worker=32768"
    "memorysetup-temp-allocator-size-gi-baking-worker=262144"
    "memorysetup-temp-allocator-size-gfx=262144"
Player connection [9172] Host "[IP] 192.168.1.132 [Port] 0 [Flags] 2 [Guid] 738841717 [EditorId] 738841717 [Version] 1048832 [Id] WindowsEditor(7,LAPTOP-1OD70R12) [Debug] 1 [PackageName] WindowsEditor [ProjectName] Editor" joined multi-casting on [225.0.0.222:54997]...

Player connection [9172] Host "[IP] 192.168.1.132 [Port] 0 [Flags] 2 [Guid] 738841717 [EditorId] 738841717 [Version] 1048832 [Id] WindowsEditor(7,LAPTOP-1OD70R12) [Debug] 1 [PackageName] WindowsEditor [ProjectName] Editor" joined alternative multi-casting on [225.0.0.222:34997]...

[Physics::Module] Initialized MultithreadedJobDispatcher with 15 workers.
Refreshing native plugins compatible for Editor in 7.25 ms, found 3 plugins.
Preloading 0 native plugins for Editor in 0.00 ms.
Initialize engine version: 2022.3.17f1 (4fc78088f837)
[Subsystems] Discovering subsystems at path C:/Program Files/Unity/Hub/Editor/2022.3.17f1/Editor/Data/Resources/UnitySubsystems
[Subsystems] Discovering subsystems at path C:/Users/Usuario/Documents/GitHub/PROYECTO1/Proyecto 1/Assets
GfxDevice: creating device client; threaded=0; jobified=0
Direct3D:
    Version:  Direct3D 11.0 [level 11.1]
    Renderer: AMD Radeon(TM) Graphics (ID=0x164c)
    Vendor:   ATI
    VRAM:     7876 MB
    Driver:   30.0.13044.14002
Initialize mono
Mono path[0] = 'C:/Program Files/Unity/Hub/Editor/2022.3.17f1/Editor/Data/Managed'
Mono path[1] = 'C:/Program Files/Unity/Hub/Editor/2022.3.17f1/Editor/Data/MonoBleedingEdge/lib/mono/unityjit-win32'
Mono config path = 'C:/Program Files/Unity/Hub/Editor/2022.3.17f1/Editor/Data/MonoBleedingEdge/etc'
Using monoOptions --debugger-agent=transport=dt_socket,embedding=1,server=y,suspend=n,address=127.0.0.1:56352
Begin MonoManager ReloadAssembly
Registering precompiled unity dll's ...
Register platform support module: C:/Program Files/Unity/Hub/Editor/2022.3.17f1/Editor/Data/PlaybackEngines/AndroidPlayer/UnityEditor.Android.Extensions.dll
Register platform support module: C:/Program Files/Unity/Hub/Editor/2022.3.17f1/Editor/Data/PlaybackEngines/WindowsStandaloneSupport/UnityEditor.WindowsStandalone.Extensions.dll
Registered in 0.007922 seconds.
- Loaded All Assemblies, in  0.380 seconds
Native extension for WindowsStandalone target not found
Native extension for Android target not found
Android Extension - Scanning For ADB Devices 379 ms
Mono: successfully reloaded assembly
- Finished resetting the current domain, in  0.757 seconds
Domain Reload Profiling: 1136ms
	BeginReloadAssembly (122ms)
		ExecutionOrderSort (0ms)
		DisableScriptedObjects (0ms)
		BackupInstance (0ms)
		ReleaseScriptingObjects (0ms)
		CreateAndSetChildDomain (1ms)
	RebuildCommonClasses (36ms)
	RebuildNativeTypeToScriptingClass (11ms)
	initialDomainReloadingComplete (61ms)
	LoadAllAssembliesAndSetupDomain (149ms)
		LoadAssemblies (120ms)
		RebuildTransferFunctionScriptingTraits (0ms)
		AnalyzeDomain (147ms)
			TypeCache.Refresh (145ms)
				TypeCache.ScanAssembly (132ms)
			ScanForSourceGeneratedMonoScriptInfo (0ms)
			ResolveRequiredComponents (0ms)
	FinalizeReload (757ms)
		ReleaseScriptCaches (0ms)
		RebuildScriptCaches (0ms)
		SetupLoadedEditorAssemblies (697ms)
			LogAssemblyErrors (0ms)
			InitializePlatformSupportModulesInManaged (504ms)
			SetLoadedEditorAssemblies (4ms)
			RefreshPlugins (0ms)
			BeforeProcessingInitializeOnLoad (3ms)
			ProcessInitializeOnLoadAttributes (132ms)
			ProcessInitializeOnLoadMethodAttributes (55ms)
			AfterProcessingInitializeOnLoad (0ms)
			EditorAssembliesLoaded (0ms)
		ExecutionOrderSort2 (0ms)
		AwakeInstancesAfterBackupRestoration (0ms)
========================================================================
Worker process is ready to serve import requests
Begin MonoManager ReloadAssembly
- Loaded All Assemblies, in  0.678 seconds
Refreshing native plugins compatible for Editor in 2.62 ms, found 3 plugins.
Native extension for WindowsStandalone target not found
Native extension for Android target not found
Mono: successfully reloaded assembly
- Finished resetting the current domain, in  0.630 seconds
Domain Reload Profiling: 1306ms
	BeginReloadAssembly (149ms)
		ExecutionOrderSort (0ms)
		DisableScriptedObjects (6ms)
		BackupInstance (0ms)
		ReleaseScriptingObjects (0ms)
		CreateAndSetChildDomain (27ms)
	RebuildCommonClasses (47ms)
	RebuildNativeTypeToScriptingClass (12ms)
	initialDomainReloadingComplete (46ms)
	LoadAllAssembliesAndSetupDomain (421ms)
		LoadAssemblies (293ms)
		RebuildTransferFunctionScriptingTraits (0ms)
		AnalyzeDomain (212ms)
			TypeCache.Refresh (190ms)
				TypeCache.ScanAssembly (172ms)
			ScanForSourceGeneratedMonoScriptInfo (16ms)
			ResolveRequiredComponents (4ms)
	FinalizeReload (630ms)
		ReleaseScriptCaches (0ms)
		RebuildScriptCaches (0ms)
		SetupLoadedEditorAssemblies (453ms)
			LogAssemblyErrors (0ms)
			InitializePlatformSupportModulesInManaged (30ms)
			SetLoadedEditorAssemblies (5ms)
			RefreshPlugins (0ms)
			BeforeProcessingInitializeOnLoad (63ms)
			ProcessInitializeOnLoadAttributes (327ms)
			ProcessInitializeOnLoadMethodAttributes (21ms)
			AfterProcessingInitializeOnLoad (7ms)
			EditorAssembliesLoaded (0ms)
		ExecutionOrderSort2 (0ms)
		AwakeInstancesAfterBackupRestoration (7ms)
Launched and connected shader compiler UnityShaderCompiler.exe after 0.07 seconds
Refreshing native plugins compatible for Editor in 3.37 ms, found 3 plugins.
Preloading 0 native plugins for Editor in 0.00 ms.
Unloading 3199 Unused Serialized files (Serialized files now loaded: 0)
Unloading 29 unused Assets / (29.8 KB). Loaded Objects now: 3688.
Memory consumption went from 154.3 MB to 154.2 MB.
Total: 3.486900 ms (FindLiveObjects: 0.401000 ms CreateObjectMapping: 0.123300 ms MarkObjects: 2.897100 ms  DeleteObjects: 0.064000 ms)

AssetImportParameters requested are different than current active one (requested -> active):
  custom:container-demuxer-ogg: 62fdf1f143b41e24485cea50d1cbac27 -> 
  custom:video-decoder-ogg-theora: a1e56fd34408186e4bbccfd4996cb3dc -> 
  custom:framework-win-MediaFoundation: 216162199b28c13a410421893ffa2e32 -> 
  custom:CustomObjectIndexerAttribute: 6d391050e5a25f67b0a2c618074f2cd9 -> 
  custom:container-demuxer-webm: 4f35f7cbe854078d1ac9338744f61a02 -> 
  custom:container-muxer-webm: aa71ff27fc2769a1b78a27578f13a17b -> 
  custom:video-decoder-webm-vp8: 9c59270c3fd7afecdb556c50c9e8de78 -> 
  custom:SearchIndexIgnoredProperties: e643bd26f0fe6173181afceb89e7c659 -> 
  custom:AudioImporter_EditorPlatform: d09bf68614088b80899f8185d706f6e7 -> 
  custom:video-encoder-webm-vp8: eb34c28f22e8b96e1ab97ce403110664 -> 
  custom:audio-decoder-ogg-vorbis: bf7c407c2cedff20999df2af8eb42d56 -> 
  custom:audio-encoder-webm-vorbis: bf7c407c2cedff20999df2af8eb42d56 -> 
========================================================================
Received Import Request.
  Time since last request: 257584.435762 seconds.
  path: Assets/Modelos/TextDespachoPresi/Planta_BaseColor.1001.png
  artifactKey: Guid(cd64c2f7f831b0243b864ca119e84830) Importer(815301076,1909f56bfc062723c751e8b465ee728b)
Start importing Assets/Modelos/TextDespachoPresi/Planta_BaseColor.1001.png using Guid(cd64c2f7f831b0243b864ca119e84830) Importer(815301076,1909f56bfc062723c751e8b465ee728b)  -> (artifact id: '79a63fb3526172ad9ad384894463a43c') in 0.086557 seconds
Number of updated asset objects reloaded before import = 0
Number of asset objects unloaded after import = 2
========================================================================
Received Import Request.
  Time since last request: 1.283906 seconds.
  path: Assets/Modelos/TextDespachoPresi/ParedSalon_Emission.1001.png
  artifactKey: Guid(d4edb87b755f47f4080604a853025e3f) Importer(815301076,1909f56bfc062723c751e8b465ee728b)
Start importing Assets/Modelos/TextDespachoPresi/ParedSalon_Emission.1001.png using Guid(d4edb87b755f47f4080604a853025e3f) Importer(815301076,1909f56bfc062723c751e8b465ee728b)  -> (artifact id: '24400cb132ebaa24ed794fd8c99ca3b5') in 0.012458 seconds
Number of updated asset objects reloaded before import = 0
Number of asset objects unloaded after import = 2
========================================================================
Received Import Request.
  Time since last request: 0.815009 seconds.
  path: Assets/Modelos/TextDespachoPresi/Metal.003_Emission.1001.png
  artifactKey: Guid(81eea6af36587544bb72c23aede109d6) Importer(815301076,1909f56bfc062723c751e8b465ee728b)
Start importing Assets/Modelos/TextDespachoPresi/Metal.003_Emission.1001.png using Guid(81eea6af36587544bb72c23aede109d6) Importer(815301076,1909f56bfc062723c751e8b465ee728b)  -> (artifact id: '757f69282fd84b1217e429a0ce71b9f3') in 0.011758 seconds
Number of updated asset objects reloaded before import = 0
Number of asset objects unloaded after import = 2
========================================================================
Received Import Request.
  Time since last request: 0.091862 seconds.
  path: Assets/Modelos/TextDespachoPresi/Metal.001_Emission.1001.png
  artifactKey: Guid(ae74dc8e5399035489c6b1f92876e348) Importer(815301076,1909f56bfc062723c751e8b465ee728b)
Start importing Assets/Modelos/TextDespachoPresi/Metal.001_Emission.1001.png using Guid(ae74dc8e5399035489c6b1f92876e348) Importer(815301076,1909f56bfc062723c751e8b465ee728b)  -> (artifact id: '9d3bb16ab1f59e2ac8db63c930bc03d0') in 0.011187 seconds
Number of updated asset objects reloaded before import = 0
Number of asset objects unloaded after import = 2
========================================================================
Received Import Request.
  Time since last request: 0.367363 seconds.
  path: Assets/Modelos/TextDespachoPresi/Libro_Normal.1001.png
  artifactKey: Guid(38a4f77cb5ec5f746aa4090c329ffda1) Importer(815301076,1909f56bfc062723c751e8b465ee728b)
Start importing Assets/Modelos/TextDespachoPresi/Libro_Normal.1001.png using Guid(38a4f77cb5ec5f746aa4090c329ffda1) Importer(815301076,1909f56bfc062723c751e8b465ee728b)  -> (artifact id: '53a404ad569e6d76968f51d549b86ef3') in 0.014525 seconds
Number of updated asset objects reloaded before import = 0
Number of asset objects unloaded after import = 2
========================================================================
Received Import Request.
  Time since last request: 0.002812 seconds.
  path: Assets/Modelos/TextDespachoPresi/Madera.001_Displacement.1001.png
  artifactKey: Guid(70f73c76f56ae474792f36effb77fa62) Importer(815301076,1909f56bfc062723c751e8b465ee728b)
Start importing Assets/Modelos/TextDespachoPresi/Madera.001_Displacement.1001.png using Guid(70f73c76f56ae474792f36effb77fa62) Importer(815301076,1909f56bfc062723c751e8b465ee728b)  -> (artifact id: '1b900087cd6bca4112ae997159db9b16') in 0.013471 seconds
Number of updated asset objects reloaded before import = 0
Number of asset objects unloaded after import = 2
========================================================================
Received Import Request.
  Time since last request: 0.105559 seconds.
  path: Assets/Modelos/TextDespachoPresi/Escritorio_Displacement.1001.png
  artifactKey: Guid(d5043f4fbfd73eb44b36ea2ffb554c22) Importer(815301076,1909f56bfc062723c751e8b465ee728b)
Start importing Assets/Modelos/TextDespachoPresi/Escritorio_Displacement.1001.png using Guid(d5043f4fbfd73eb44b36ea2ffb554c22) Importer(815301076,1909f56bfc062723c751e8b465ee728b)  -> (artifact id: '5b3a871a87efb56b88fb8634f7456d06') in 0.018793 seconds
Number of updated asset objects reloaded before import = 0
Number of asset objects unloaded after import = 2
========================================================================
Received Import Request.
  Time since last request: 0.021087 seconds.
  path: Assets/Modelos/TextDespachoPresi/Lampara_BaseColor.1001.png
  artifactKey: Guid(d89432e056e908d4db106d4649061b85) Importer(815301076,1909f56bfc062723c751e8b465ee728b)
Start importing Assets/Modelos/TextDespachoPresi/Lampara_BaseColor.1001.png using Guid(d89432e056e908d4db106d4649061b85) Importer(815301076,1909f56bfc062723c751e8b465ee728b)  -> (artifact id: 'e74471e5f4644806f60d7b78940078af') in 0.016594 seconds
Number of updated asset objects reloaded before import = 0
Number of asset objects unloaded after import = 2
========================================================================
Received Import Request.
  Time since last request: 0.000041 seconds.
  path: Assets/Modelos/TextDespachoPresi/Lampara_Emission.1001.png
  artifactKey: Guid(15afcd7c052246e4eb1f4367df8bdb72) Importer(815301076,1909f56bfc062723c751e8b465ee728b)
Start importing Assets/Modelos/TextDespachoPresi/Lampara_Emission.1001.png using Guid(15afcd7c052246e4eb1f4367df8bdb72) Importer(815301076,1909f56bfc062723c751e8b465ee728b)  -> (artifact id: 'cca66c7888597d69cc84be7d45237bcd') in 0.013517 seconds
Number of updated asset objects reloaded before import = 0
Number of asset objects unloaded after import = 2
========================================================================
Received Import Request.
  Time since last request: 0.000023 seconds.
  path: Assets/Modelos/TextDespachoPresi/Lapiz_Alpha.1001.png
  artifactKey: Guid(0c574b67ea1ed624e841b3b834f849e3) Importer(815301076,1909f56bfc062723c751e8b465ee728b)
Start importing Assets/Modelos/TextDespachoPresi/Lapiz_Alpha.1001.png using Guid(0c574b67ea1ed624e841b3b834f849e3) Importer(815301076,1909f56bfc062723c751e8b465ee728b)  -> (artifact id: 'cadcf058ce04c439acf03beb887880d5') in 0.017300 seconds
Number of updated asset objects reloaded before import = 0
Number of asset objects unloaded after import = 2
========================================================================
Received Import Request.
  Time since last request: 0.000034 seconds.
  path: Assets/Modelos/TextDespachoPresi/Lapiz_Metallic.1001.png
  artifactKey: Guid(bcc7288a560ffcf46a73e2e96a4ac6e8) Importer(815301076,1909f56bfc062723c751e8b465ee728b)
Start importing Assets/Modelos/TextDespachoPresi/Lapiz_Metallic.1001.png using Guid(bcc7288a560ffcf46a73e2e96a4ac6e8) Importer(815301076,1909f56bfc062723c751e8b465ee728b)  -> (artifact id: '20b6d5cb650025c800d2af323c1e0443') in 0.015715 seconds
Number of updated asset objects reloaded before import = 0
Number of asset objects unloaded after import = 2
========================================================================
Received Import Request.
  Time since last request: 0.000043 seconds.
  path: Assets/Modelos/TextDespachoPresi/Libro_BaseColor.1001.png
  artifactKey: Guid(84cf9c25f2f7730409adc0b3430e66c0) Importer(815301076,1909f56bfc062723c751e8b465ee728b)
Start importing Assets/Modelos/TextDespachoPresi/Libro_BaseColor.1001.png using Guid(84cf9c25f2f7730409adc0b3430e66c0) Importer(815301076,1909f56bfc062723c751e8b465ee728b)  -> (artifact id: '291709ce703f3ac5d2c79f64a8b7bd48') in 0.015493 seconds
Number of updated asset objects reloaded before import = 0
Number of asset objects unloaded after import = 2
========================================================================
Received Import Request.
  Time since last request: 0.036869 seconds.
  path: Assets/Modelos/TextDespachoPresi/Dispositivos_BaseColor.1001.png
  artifactKey: Guid(cb8b288f4090b9647b8dfd80fccefe22) Importer(815301076,1909f56bfc062723c751e8b465ee728b)
Start importing Assets/Modelos/TextDespachoPresi/Dispositivos_BaseColor.1001.png using Guid(cb8b288f4090b9647b8dfd80fccefe22) Importer(815301076,1909f56bfc062723c751e8b465ee728b)  -> (artifact id: '5eb417310e17943cd25078a2a252b397') in 0.012766 seconds
Number of updated asset objects reloaded before import = 0
Number of asset objects unloaded after import = 2
========================================================================
Received Import Request.
  Time since last request: 0.000033 seconds.
  path: Assets/Modelos/TextDespachoPresi/Dispositivos_Normal.1001.png
  artifactKey: Guid(298f7fe5b6e84664283156ef9dc0cbf4) Importer(815301076,1909f56bfc062723c751e8b465ee728b)
Start importing Assets/Modelos/TextDespachoPresi/Dispositivos_Normal.1001.png using Guid(298f7fe5b6e84664283156ef9dc0cbf4) Importer(815301076,1909f56bfc062723c751e8b465ee728b)  -> (artifact id: '717e31e7e32bbbe4cbc6cfd7dfc65926') in 0.013846 seconds
Number of updated asset objects reloaded before import = 0
Number of asset objects unloaded after import = 2
========================================================================
Received Import Request.
  Time since last request: 0.001947 seconds.
  path: Assets/Modelos/TextDespachoPresi/Electro.003_BaseColor.1001.png
  artifactKey: Guid(93125039852b4c24cb86c68c019996be) Importer(815301076,1909f56bfc062723c751e8b465ee728b)
Start importing Assets/Modelos/TextDespachoPresi/Electro.003_BaseColor.1001.png using Guid(93125039852b4c24cb86c68c019996be) Importer(815301076,1909f56bfc062723c751e8b465ee728b)  -> (artifact id: '8afd598462f50fa5b2b72ff7c0278907') in 0.016973 seconds
Number of updated asset objects reloaded before import = 0
Number of asset objects unloaded after import = 2
========================================================================
Received Import Request.
  Time since last request: 0.282866 seconds.
  path: Assets/Modelos/TextDespachoPresi/Cuadro_Emission.1001.png
  artifactKey: Guid(f6550473117808e40bba19c93dc5a2e4) Importer(815301076,1909f56bfc062723c751e8b465ee728b)
Start importing Assets/Modelos/TextDespachoPresi/Cuadro_Emission.1001.png using Guid(f6550473117808e40bba19c93dc5a2e4) Importer(815301076,1909f56bfc062723c751e8b465ee728b)  -> (artifact id: 'bf6b33759b9ead29292d43a2b3faaf6d') in 0.012031 seconds
Number of updated asset objects reloaded before import = 0
Number of asset objects unloaded after import = 2
========================================================================
Received Import Request.
  Time since last request: 0.028598 seconds.
  path: Assets/Modelos/TextDespachoPresi/Discos.002_Emission.1001.png
  artifactKey: Guid(549d95caeee66d64bb987419c2195e04) Importer(815301076,1909f56bfc062723c751e8b465ee728b)
Start importing Assets/Modelos/TextDespachoPresi/Discos.002_Emission.1001.png using Guid(549d95caeee66d64bb987419c2195e04) Importer(815301076,1909f56bfc062723c751e8b465ee728b)  -> (artifact id: '0e2cf80c6069484a0e144380de6fba82') in 0.020060 seconds
Number of updated asset objects reloaded before import = 0
Number of asset objects unloaded after import = 2
========================================================================
Received Import Request.
  Time since last request: 0.365297 seconds.
  path: Assets/Modelos/TextDespachoPresi/Bebida_Emission.1001.png
  artifactKey: Guid(c35d8741c39ab74429c7cbbf7e6e1e48) Importer(815301076,1909f56bfc062723c751e8b465ee728b)
Start importing Assets/Modelos/TextDespachoPresi/Bebida_Emission.1001.png using Guid(c35d8741c39ab74429c7cbbf7e6e1e48) Importer(815301076,1909f56bfc062723c751e8b465ee728b)  -> (artifact id: '8bda8cae752a01eb81db31f04e8883e6') in 0.012183 seconds
Number of updated asset objects reloaded before import = 0
Number of asset objects unloaded after import = 2
Editor requested this worker to shutdown with reason: Scaling down because of idle timeout
TcpMessagingSession - receive error: operation aborted. errorcode: 995, details: La operación de E/S se anuló por una salida de subproceso o por una solicitud de aplicación.
AssetImportWorker is now disconnected from the server
Process exiting
Exiting without the bug reporter. Application will terminate with return code 0