Using pre-set license
Built from '2022.3/staging' branch; Version is '2022.3.17f1 (4fc78088f837) revision 5228416'; Using compiler version '192829333'; Build Type 'Release'
OS: 'Windows 11  (10.0.26100) 64bit Core' Language: 'es' Physical Memory: 15753 MB
BatchMode: 1, IsHumanControllingUs: 0, StartBugReporterOnCrash: 0, Is64bit: 1, IsPro: 1

COMMAND LINE ARGUMENTS:
C:\Program Files\Unity\Hub\Editor\2022.3.17f1\Editor\Unity.exe
-adb2
-batchMode
-noUpm
-name
AssetImportWorker7
-projectPath
C:/Users/Usuario/Documents/GitHub/PROYECTO1/Proyecto 1
-logFile
Logs/AssetImportWorker7.log
-srvPort
59892
Successfully changed project path to: C:/Users/Usuario/Documents/GitHub/PROYECTO1/Proyecto 1
C:/Users/Usuario/Documents/GitHub/PROYECTO1/Proyecto 1
[UnityMemory] Configuration Parameters - Can be set up in boot.config
    "memorysetup-bucket-allocator-granularity=16"
    "memorysetup-bucket-allocator-bucket-count=8"
    "memorysetup-bucket-allocator-block-size=33554432"
    "memorysetup-bucket-allocator-block-count=8"
    "memorysetup-main-allocator-block-size=16777216"
    "memorysetup-thread-allocator-block-size=16777216"
    "memorysetup-gfx-main-allocator-block-size=16777216"
    "memorysetup-gfx-thread-allocator-block-size=16777216"
    "memorysetup-cache-allocator-block-size=4194304"
    "memorysetup-typetree-allocator-block-size=2097152"
    "memorysetup-profiler-bucket-allocator-granularity=16"
    "memorysetup-profiler-bucket-allocator-bucket-count=8"
    "memorysetup-profiler-bucket-allocator-block-size=33554432"
    "memorysetup-profiler-bucket-allocator-block-count=8"
    "memorysetup-profiler-allocator-block-size=16777216"
    "memorysetup-profiler-editor-allocator-block-size=1048576"
    "memorysetup-temp-allocator-size-main=16777216"
    "memorysetup-job-temp-allocator-block-size=2097152"
    "memorysetup-job-temp-allocator-block-size-background=1048576"
    "memorysetup-job-temp-allocator-reduction-small-platforms=262144"
    "memorysetup-allocator-temp-initial-block-size-main=262144"
    "memorysetup-allocator-temp-initial-block-size-worker=262144"
    "memorysetup-temp-allocator-size-background-worker=32768"
    "memorysetup-temp-allocator-size-job-worker=262144"
    "memorysetup-temp-allocator-size-preload-manager=33554432"
    "memorysetup-temp-allocator-size-nav-mesh-worker=65536"
    "memorysetup-temp-allocator-size-audio-worker=65536"
    "memorysetup-temp-allocator-size-cloud-worker=32768"
    "memorysetup-temp-allocator-size-gi-baking-worker=262144"
    "memorysetup-temp-allocator-size-gfx=262144"
Player connection [28020] Host "[IP] 192.168.1.132 [Port] 0 [Flags] 2 [Guid] 543211570 [EditorId] 543211570 [Version] 1048832 [Id] WindowsEditor(7,LAPTOP-1OD70R12) [Debug] 1 [PackageName] WindowsEditor [ProjectName] Editor" joined multi-casting on [225.0.0.222:54997]...

Player connection [28020] Host "[IP] 192.168.1.132 [Port] 0 [Flags] 2 [Guid] 543211570 [EditorId] 543211570 [Version] 1048832 [Id] WindowsEditor(7,LAPTOP-1OD70R12) [Debug] 1 [PackageName] WindowsEditor [ProjectName] Editor" joined alternative multi-casting on [225.0.0.222:34997]...

[Physics::Module] Initialized MultithreadedJobDispatcher with 15 workers.
Refreshing native plugins compatible for Editor in 7.10 ms, found 3 plugins.
Preloading 0 native plugins for Editor in 0.00 ms.
Initialize engine version: 2022.3.17f1 (4fc78088f837)
[Subsystems] Discovering subsystems at path C:/Program Files/Unity/Hub/Editor/2022.3.17f1/Editor/Data/Resources/UnitySubsystems
[Subsystems] Discovering subsystems at path C:/Users/Usuario/Documents/GitHub/PROYECTO1/Proyecto 1/Assets
GfxDevice: creating device client; threaded=0; jobified=0
Direct3D:
    Version:  Direct3D 11.0 [level 11.1]
    Renderer: AMD Radeon(TM) Graphics (ID=0x164c)
    Vendor:   ATI
    VRAM:     7876 MB
    Driver:   30.0.13044.14002
Initialize mono
Mono path[0] = 'C:/Program Files/Unity/Hub/Editor/2022.3.17f1/Editor/Data/Managed'
Mono path[1] = 'C:/Program Files/Unity/Hub/Editor/2022.3.17f1/Editor/Data/MonoBleedingEdge/lib/mono/unityjit-win32'
Mono config path = 'C:/Program Files/Unity/Hub/Editor/2022.3.17f1/Editor/Data/MonoBleedingEdge/etc'
Using monoOptions --debugger-agent=transport=dt_socket,embedding=1,server=y,suspend=n,address=127.0.0.1:56988
Begin MonoManager ReloadAssembly
Registering precompiled unity dll's ...
Register platform support module: C:/Program Files/Unity/Hub/Editor/2022.3.17f1/Editor/Data/PlaybackEngines/AndroidPlayer/UnityEditor.Android.Extensions.dll
Register platform support module: C:/Program Files/Unity/Hub/Editor/2022.3.17f1/Editor/Data/PlaybackEngines/WindowsStandaloneSupport/UnityEditor.WindowsStandalone.Extensions.dll
Registered in 0.008067 seconds.
- Loaded All Assemblies, in  0.421 seconds
Native extension for WindowsStandalone target not found
Native extension for Android target not found
Android Extension - Scanning For ADB Devices 426 ms
Mono: successfully reloaded assembly
- Finished resetting the current domain, in  0.789 seconds
Domain Reload Profiling: 1209ms
	BeginReloadAssembly (154ms)
		ExecutionOrderSort (0ms)
		DisableScriptedObjects (0ms)
		BackupInstance (0ms)
		ReleaseScriptingObjects (0ms)
		CreateAndSetChildDomain (1ms)
	RebuildCommonClasses (37ms)
	RebuildNativeTypeToScriptingClass (10ms)
	initialDomainReloadingComplete (66ms)
	LoadAllAssembliesAndSetupDomain (152ms)
		LoadAssemblies (152ms)
		RebuildTransferFunctionScriptingTraits (0ms)
		AnalyzeDomain (150ms)
			TypeCache.Refresh (148ms)
				TypeCache.ScanAssembly (134ms)
			ScanForSourceGeneratedMonoScriptInfo (0ms)
			ResolveRequiredComponents (0ms)
	FinalizeReload (790ms)
		ReleaseScriptCaches (0ms)
		RebuildScriptCaches (0ms)
		SetupLoadedEditorAssemblies (728ms)
			LogAssemblyErrors (0ms)
			InitializePlatformSupportModulesInManaged (552ms)
			SetLoadedEditorAssemblies (4ms)
			RefreshPlugins (0ms)
			BeforeProcessingInitializeOnLoad (2ms)
			ProcessInitializeOnLoadAttributes (121ms)
			ProcessInitializeOnLoadMethodAttributes (48ms)
			AfterProcessingInitializeOnLoad (0ms)
			EditorAssembliesLoaded (0ms)
		ExecutionOrderSort2 (0ms)
		AwakeInstancesAfterBackupRestoration (0ms)
========================================================================
Worker process is ready to serve import requests
Begin MonoManager ReloadAssembly
- Loaded All Assemblies, in  0.653 seconds
Refreshing native plugins compatible for Editor in 3.48 ms, found 3 plugins.
Native extension for WindowsStandalone target not found
Native extension for Android target not found
Mono: successfully reloaded assembly
- Finished resetting the current domain, in  0.662 seconds
Domain Reload Profiling: 1313ms
	BeginReloadAssembly (146ms)
		ExecutionOrderSort (0ms)
		DisableScriptedObjects (5ms)
		BackupInstance (0ms)
		ReleaseScriptingObjects (0ms)
		CreateAndSetChildDomain (24ms)
	RebuildCommonClasses (31ms)
	RebuildNativeTypeToScriptingClass (10ms)
	initialDomainReloadingComplete (41ms)
	LoadAllAssembliesAndSetupDomain (423ms)
		LoadAssemblies (316ms)
		RebuildTransferFunctionScriptingTraits (0ms)
		AnalyzeDomain (192ms)
			TypeCache.Refresh (172ms)
				TypeCache.ScanAssembly (155ms)
			ScanForSourceGeneratedMonoScriptInfo (14ms)
			ResolveRequiredComponents (4ms)
	FinalizeReload (663ms)
		ReleaseScriptCaches (0ms)
		RebuildScriptCaches (0ms)
		SetupLoadedEditorAssemblies (459ms)
			LogAssemblyErrors (0ms)
			InitializePlatformSupportModulesInManaged (25ms)
			SetLoadedEditorAssemblies (5ms)
			RefreshPlugins (0ms)
			BeforeProcessingInitializeOnLoad (60ms)
			ProcessInitializeOnLoadAttributes (342ms)
			ProcessInitializeOnLoadMethodAttributes (21ms)
			AfterProcessingInitializeOnLoad (6ms)
			EditorAssembliesLoaded (0ms)
		ExecutionOrderSort2 (0ms)
		AwakeInstancesAfterBackupRestoration (7ms)
Launched and connected shader compiler UnityShaderCompiler.exe after 0.08 seconds
Refreshing native plugins compatible for Editor in 4.27 ms, found 3 plugins.
Preloading 0 native plugins for Editor in 0.00 ms.
Unloading 3199 Unused Serialized files (Serialized files now loaded: 0)
Unloading 29 unused Assets / (29.8 KB). Loaded Objects now: 3688.
Memory consumption went from 154.2 MB to 154.2 MB.
Total: 3.948700 ms (FindLiveObjects: 0.442000 ms CreateObjectMapping: 0.298100 ms MarkObjects: 3.128400 ms  DeleteObjects: 0.078400 ms)

AssetImportParameters requested are different than current active one (requested -> active):
  custom:container-demuxer-ogg: 62fdf1f143b41e24485cea50d1cbac27 -> 
  custom:video-decoder-ogg-theora: a1e56fd34408186e4bbccfd4996cb3dc -> 
  custom:framework-win-MediaFoundation: 216162199b28c13a410421893ffa2e32 -> 
  custom:CustomObjectIndexerAttribute: 6d391050e5a25f67b0a2c618074f2cd9 -> 
  custom:container-demuxer-webm: 4f35f7cbe854078d1ac9338744f61a02 -> 
  custom:container-muxer-webm: aa71ff27fc2769a1b78a27578f13a17b -> 
  custom:video-decoder-webm-vp8: 9c59270c3fd7afecdb556c50c9e8de78 -> 
  custom:SearchIndexIgnoredProperties: e643bd26f0fe6173181afceb89e7c659 -> 
  custom:AudioImporter_EditorPlatform: d09bf68614088b80899f8185d706f6e7 -> 
  custom:video-encoder-webm-vp8: eb34c28f22e8b96e1ab97ce403110664 -> 
  custom:audio-decoder-ogg-vorbis: bf7c407c2cedff20999df2af8eb42d56 -> 
  custom:audio-encoder-webm-vorbis: bf7c407c2cedff20999df2af8eb42d56 -> 
========================================================================
Received Import Request.
  Time since last request: 257867.889057 seconds.
  path: Assets/Modelos/Materiales/Habitacion Paul/Cojin.003.mat
  artifactKey: Guid(ee00dff971c49ab4ab71e52c0e36e7f3) Importer(815301076,1909f56bfc062723c751e8b465ee728b)
Start importing Assets/Modelos/Materiales/Habitacion Paul/Cojin.003.mat using Guid(ee00dff971c49ab4ab71e52c0e36e7f3) Importer(815301076,1909f56bfc062723c751e8b465ee728b)  -> (artifact id: '5dbbd9810c704745df979131d6a6883f') in 0.147049 seconds
Number of updated asset objects reloaded before import = 0
Number of asset objects unloaded after import = 2
========================================================================
Received Import Request.
  Time since last request: 2.317653 seconds.
  path: Assets/Modelos/TextJuanjo/TextJuanjo/Pared.001_Displacement.1001.png
  artifactKey: Guid(7b02021940cae9a4e910f923ff6eda38) Importer(815301076,1909f56bfc062723c751e8b465ee728b)
Start importing Assets/Modelos/TextJuanjo/TextJuanjo/Pared.001_Displacement.1001.png using Guid(7b02021940cae9a4e910f923ff6eda38) Importer(815301076,1909f56bfc062723c751e8b465ee728b)  -> (artifact id: '2be0d59dffef14836e1c2b4771fb213a') in 0.023026 seconds
Number of updated asset objects reloaded before import = 0
Number of asset objects unloaded after import = 2
========================================================================
Received Import Request.
  Time since last request: 0.000030 seconds.
  path: Assets/Modelos/TextJuanjo/TextJuanjo/Pared_Displacement.1001.png
  artifactKey: Guid(23661715a932af241a47d33c65afd44f) Importer(815301076,1909f56bfc062723c751e8b465ee728b)
Start importing Assets/Modelos/TextJuanjo/TextJuanjo/Pared_Displacement.1001.png using Guid(23661715a932af241a47d33c65afd44f) Importer(815301076,1909f56bfc062723c751e8b465ee728b)  -> (artifact id: 'faeb207d3048914d4e2e091389005fc0') in 0.026143 seconds
Number of updated asset objects reloaded before import = 0
Number of asset objects unloaded after import = 2
========================================================================
Received Import Request.
  Time since last request: 0.000719 seconds.
  path: Assets/Modelos/TextJuanjo/TextJuanjo/Pared.001_Emission.1001.png
  artifactKey: Guid(90079b29715c1e04184efc0101d6aaac) Importer(815301076,1909f56bfc062723c751e8b465ee728b)
Start importing Assets/Modelos/TextJuanjo/TextJuanjo/Pared.001_Emission.1001.png using Guid(90079b29715c1e04184efc0101d6aaac) Importer(815301076,1909f56bfc062723c751e8b465ee728b)  -> (artifact id: '670fed001a1d4e479eb9803619c40cec') in 0.015405 seconds
Number of updated asset objects reloaded before import = 0
Number of asset objects unloaded after import = 2
========================================================================
Received Import Request.
  Time since last request: 0.000026 seconds.
  path: Assets/Modelos/TextJuanjo/TextJuanjo/Peluche_Normal.1001.png
  artifactKey: Guid(3f88f5f4b5ca87e4c9abf437e2552ac0) Importer(815301076,1909f56bfc062723c751e8b465ee728b)
Start importing Assets/Modelos/TextJuanjo/TextJuanjo/Peluche_Normal.1001.png using Guid(3f88f5f4b5ca87e4c9abf437e2552ac0) Importer(815301076,1909f56bfc062723c751e8b465ee728b)  -> (artifact id: 'aff352b4652a2fb971e8d671f20b136d') in 0.016187 seconds
Number of updated asset objects reloaded before import = 0
Number of asset objects unloaded after import = 2
========================================================================
Received Import Request.
  Time since last request: 0.000049 seconds.
  path: Assets/Modelos/TextJuanjo/TextJuanjo/Poster_BaseColor.1001.png
  artifactKey: Guid(43bf175e53b09374080c0064d676903b) Importer(815301076,1909f56bfc062723c751e8b465ee728b)
Start importing Assets/Modelos/TextJuanjo/TextJuanjo/Poster_BaseColor.1001.png using Guid(43bf175e53b09374080c0064d676903b) Importer(815301076,1909f56bfc062723c751e8b465ee728b)  -> (artifact id: 'b3054639fb7db81a431d06e7f1b70401') in 0.014051 seconds
Number of updated asset objects reloaded before import = 0
Number of asset objects unloaded after import = 2
========================================================================
Received Import Request.
  Time since last request: 0.000039 seconds.
  path: Assets/Modelos/TextJuanjo/TextJuanjo/Poster_Metallic.1001.png
  artifactKey: Guid(29363fa5f31d6ad4c8503e73f6efc58b) Importer(815301076,1909f56bfc062723c751e8b465ee728b)
Start importing Assets/Modelos/TextJuanjo/TextJuanjo/Poster_Metallic.1001.png using Guid(29363fa5f31d6ad4c8503e73f6efc58b) Importer(815301076,1909f56bfc062723c751e8b465ee728b)  -> (artifact id: '3ca110d2623b0adab828aa0b567514e7') in 0.014016 seconds
Number of updated asset objects reloaded before import = 0
Number of asset objects unloaded after import = 2
========================================================================
Received Import Request.
  Time since last request: 0.000293 seconds.
  path: Assets/Modelos/TextJuanjo/TextJuanjo/Poster_Roughness.1001.png
  artifactKey: Guid(b5289ffd69658304f8cd6a227637ac58) Importer(815301076,1909f56bfc062723c751e8b465ee728b)
Start importing Assets/Modelos/TextJuanjo/TextJuanjo/Poster_Roughness.1001.png using Guid(b5289ffd69658304f8cd6a227637ac58) Importer(815301076,1909f56bfc062723c751e8b465ee728b)  -> (artifact id: 'a9df2e2e84c1a27991175dbadfbb9f8c') in 0.014036 seconds
Number of updated asset objects reloaded before import = 0
Number of asset objects unloaded after import = 2
========================================================================
Received Import Request.
  Time since last request: 0.000028 seconds.
  path: Assets/Modelos/TextJuanjo/TextJuanjo/Puerta.001_Emission.1001.png
  artifactKey: Guid(2483e0636bf25124da16cc4c85b66cee) Importer(815301076,1909f56bfc062723c751e8b465ee728b)
Start importing Assets/Modelos/TextJuanjo/TextJuanjo/Puerta.001_Emission.1001.png using Guid(2483e0636bf25124da16cc4c85b66cee) Importer(815301076,1909f56bfc062723c751e8b465ee728b)  -> (artifact id: 'ad1e4503fc19e2dd01ae8528ce24e38b') in 0.013959 seconds
Number of updated asset objects reloaded before import = 0
Number of asset objects unloaded after import = 2
========================================================================
Received Import Request.
  Time since last request: 0.000051 seconds.
  path: Assets/Modelos/TextJuanjo/TextJuanjo/Puerta_Alpha.1001.png
  artifactKey: Guid(7f2100cfd60d39a47859cf0daa7c9617) Importer(815301076,1909f56bfc062723c751e8b465ee728b)
Start importing Assets/Modelos/TextJuanjo/TextJuanjo/Puerta_Alpha.1001.png using Guid(7f2100cfd60d39a47859cf0daa7c9617) Importer(815301076,1909f56bfc062723c751e8b465ee728b)  -> (artifact id: '3c8e453e1450677124520d1c9a05528e') in 0.016846 seconds
Number of updated asset objects reloaded before import = 0
Number of asset objects unloaded after import = 2
Editor requested this worker to shutdown with reason: Scaling down because of idle timeout
TcpMessagingSession - receive error: operation aborted. errorcode: 995, details: La operación de E/S se anuló por una salida de subproceso o por una solicitud de aplicación.
AssetImportWorker is now disconnected from the server
Process exiting
Exiting without the bug reporter. Application will terminate with return code 0